commit 488d2e23d1ce4c65d4279951dd7d3c7f7bad9fcf
Author: Emely Maria Silva Basilio <eart6172@gmail.com>
Date:   Wed Aug 20 15:33:17 2025 -0300

    nome no title

commit de4e530c0e10ffeb76305f5cd0e66b3a12135cf4
Author: Emely Maria Silva Basilio <eart6172@gmail.com>
Date:   Wed Aug 20 15:28:24 2025 -0300

    nova função

commit 094f957e0f2ebd3e8fe023f1c60d2e8280d3f80a
Author: Emely Maria Silva Basilio <eart6172@gmail.com>
Date:   Wed Aug 20 15:14:51 2025 -0300

    color

commit aeede615f94284b239480eab07cea2c7e9c1b0ae
Author: Emely Maria Silva Basilio <eart6172@gmail.com>
Date:   Wed Aug 20 15:04:24 2025 -0300

    arquivos

commit 5b2506b6a794b7dbafcb0d9e9cd9cb44220ab738
Author: Emely Maria Silva Basilio <eart6172@gmail.com>
Date:   Wed Aug 20 14:58:00 2025 -0300

    Arquivos em branco
